{"/Users/nate.and.laura/projects/server-test/server-test/src/data.js": {"path":"/Users/nate.and.laura/projects/server-test/server-test/src/data.js","statementMap":{"0":{"start":{"line":3,"column":18},"end":{"line":3,"column":44}},"1":{"start":{"line":5,"column":13},"end":{"line":5,"column":16}},"2":{"start":{"line":7,"column":0},"end":{"line":14,"column":2}},"3":{"start":{"line":8,"column":2},"end":{"line":13,"column":33}},"4":{"start":{"line":9,"column":17},"end":{"line":9,"column":25}},"5":{"start":{"line":10,"column":17},"end":{"line":10,"column":36}},"6":{"start":{"line":11,"column":4},"end":{"line":11,"column":22}},"7":{"start":{"line":12,"column":4},"end":{"line":12,"column":31}},"8":{"start":{"line":13,"column":15},"end":{"line":13,"column":31}},"9":{"start":{"line":16,"column":0},"end":{"line":19,"column":2}},"10":{"start":{"line":17,"column":16},"end":{"line":17,"column":40}},"11":{"start":{"line":18,"column":2},"end":{"line":18,"column":30}},"12":{"start":{"line":21,"column":0},"end":{"line":25,"column":2}},"13":{"start":{"line":22,"column":13},"end":{"line":22,"column":26}},"14":{"start":{"line":23,"column":16},"end":{"line":23,"column":46}},"15":{"start":{"line":24,"column":2},"end":{"line":24,"column":33}},"16":{"start":{"line":28,"column":0},"end":{"line":32,"column":2}},"17":{"start":{"line":29,"column":13},"end":{"line":29,"column":26}},"18":{"start":{"line":30,"column":15},"end":{"line":30,"column":52}},"19":{"start":{"line":31,"column":2},"end":{"line":31,"column":29}},"20":{"start":{"line":34,"column":0},"end":{"line":34,"column":22}}},"fnMap":{"0":{"name":"(anonymous_0)","decl":{"start":{"line":7,"column":17},"end":{"line":7,"column":18}},"loc":{"start":{"line":7,"column":40},"end":{"line":14,"column":1}},"line":7},"1":{"name":"(anonymous_1)","decl":{"start":{"line":16,"column":19},"end":{"line":16,"column":20}},"loc":{"start":{"line":16,"column":38},"end":{"line":19,"column":1}},"line":16},"2":{"name":"(anonymous_2)","decl":{"start":{"line":21,"column":18},"end":{"line":21,"column":19}},"loc":{"start":{"line":21,"column":37},"end":{"line":25,"column":1}},"line":21},"3":{"name":"(anonymous_3)","decl":{"start":{"line":28,"column":21},"end":{"line":28,"column":22}},"loc":{"start":{"line":28,"column":40},"end":{"line":32,"column":1}},"line":28}},"branchMap":{},"s":{"0":1,"1":1,"2":1,"3":9,"4":9,"5":9,"6":9,"7":8,"8":1,"9":1,"10":1,"11":1,"12":1,"13":2,"14":2,"15":2,"16":1,"17":1,"18":1,"19":1,"20":1},"f":{"0":9,"1":1,"2":2,"3":1},"b":{},"_coverageSchema":"1a1c01bbd47fc00a2c39e90264f33305004495a9","hash":"1368c95011d2bd6387919c6fc9614c16e9d8f29f"}
,"/Users/nate.and.laura/projects/server-test/server-test/src/item-model.js": {"path":"/Users/nate.and.laura/projects/server-test/server-test/src/item-model.js","statementMap":{"0":{"start":{"line":3,"column":17},"end":{"line":3,"column":36}},"1":{"start":{"line":5,"column":19},"end":{"line":9,"column":2}},"2":{"start":{"line":11,"column":0},"end":{"line":11,"column":52}}},"fnMap":{},"branchMap":{},"s":{"0":1,"1":1,"2":1},"f":{},"b":{},"_coverageSchema":"1a1c01bbd47fc00a2c39e90264f33305004495a9","hash":"3fdc5b8380bee792c98c3160744bc09a8a96ba21"}
,"/Users/nate.and.laura/projects/server-test/server-test/src/server.js": {"path":"/Users/nate.and.laura/projects/server-test/server-test/src/server.js","statementMap":{"0":{"start":{"line":3,"column":16},"end":{"line":3,"column":34}},"1":{"start":{"line":4,"column":13},"end":{"line":4,"column":28}},"2":{"start":{"line":5,"column":13},"end":{"line":5,"column":30}},"3":{"start":{"line":7,"column":12},"end":{"line":7,"column":21}},"4":{"start":{"line":9,"column":0},"end":{"line":9,"column":16}},"5":{"start":{"line":10,"column":0},"end":{"line":10,"column":24}},"6":{"start":{"line":11,"column":0},"end":{"line":11,"column":45}},"7":{"start":{"line":13,"column":0},"end":{"line":13,"column":36}},"8":{"start":{"line":14,"column":0},"end":{"line":14,"column":39}},"9":{"start":{"line":15,"column":0},"end":{"line":15,"column":35}},"10":{"start":{"line":16,"column":0},"end":{"line":16,"column":45}},"11":{"start":{"line":18,"column":0},"end":{"line":20,"column":3}},"12":{"start":{"line":19,"column":2},"end":{"line":19,"column":72}},"13":{"start":{"line":22,"column":0},"end":{"line":24,"column":3}},"14":{"start":{"line":23,"column":2},"end":{"line":23,"column":54}},"15":{"start":{"line":29,"column":0},"end":{"line":35,"column":2}},"16":{"start":{"line":32,"column":4},"end":{"line":32,"column":22}},"17":{"start":{"line":33,"column":4},"end":{"line":33,"column":79}}},"fnMap":{"0":{"name":"(anonymous_0)","decl":{"start":{"line":18,"column":13},"end":{"line":18,"column":14}},"loc":{"start":{"line":18,"column":26},"end":{"line":20,"column":1}},"line":18},"1":{"name":"(anonymous_1)","decl":{"start":{"line":22,"column":9},"end":{"line":22,"column":10}},"loc":{"start":{"line":22,"column":33},"end":{"line":24,"column":1}},"line":22},"2":{"name":"(anonymous_2)","decl":{"start":{"line":31,"column":9},"end":{"line":31,"column":10}},"loc":{"start":{"line":31,"column":19},"end":{"line":34,"column":3}},"line":31}},"branchMap":{},"s":{"0":1,"1":1,"2":1,"3":1,"4":1,"5":1,"6":1,"7":1,"8":1,"9":1,"10":1,"11":1,"12":1,"13":1,"14":1,"15":1,"16":0,"17":0},"f":{"0":1,"1":1,"2":0},"b":{},"_coverageSchema":"1a1c01bbd47fc00a2c39e90264f33305004495a9","hash":"1579728efd555f8b93903731296b18cb88a34286"}
}
